<?xml version="1.0" encoding="UTF-8" ?>
<testsuite failures="0" time="0.184" errors="1" skipped="0" tests="1" name="org.hk.jt.client.TwitterClientTest">
  <properties>
    <property name="java.runtime.name" value="Java(TM) SE Runtime Environment"/>
    <property name="sun.boot.library.path" value="C:\Program Files\Java\jdk1.6.0_11\jre\bin"/>
    <property name="java.vm.version" value="11.0-b16"/>
    <property name="java.vm.vendor" value="Sun Microsystems Inc."/>
    <property name="java.vendor.url" value="http://java.sun.com/"/>
    <property name="path.separator" value=";"/>
    <property name="java.vm.name" value="Java HotSpot(TM) Client VM"/>
    <property name="file.encoding.pkg" value="sun.io"/>
    <property name="user.country" value="JP"/>
    <property name="sun.java.launcher" value="SUN_STANDARD"/>
    <property name="sun.os.patch.level" value="Service Pack 2"/>
    <property name="java.vm.specification.name" value="Java Virtual Machine Specification"/>
    <property name="user.dir" value="C:\Users\hiromari\Documents\NetBeansProjects\JT"/>
    <property name="java.runtime.version" value="1.6.0_11-b03"/>
    <property name="java.awt.graphicsenv" value="sun.awt.Win32GraphicsEnvironment"/>
    <property name="basedir" value="C:\Users\hiromari\Documents\NetBeansProjects\JT"/>
    <property name="java.endorsed.dirs" value="C:\Program Files\Java\jdk1.6.0_11\jre\lib\endorsed"/>
    <property name="os.arch" value="x86"/>
    <property name="surefire.real.class.path" value="C:\Users\hiromari\AppData\Local\Temp\surefirebooter2329304138665845188.jar"/>
    <property name="java.io.tmpdir" value="C:\Users\hiromari\AppData\Local\Temp\"/>
    <property name="line.separator" value="
"/>
    <property name="java.vm.specification.vendor" value="Sun Microsystems Inc."/>
    <property name="user.variant" value=""/>
    <property name="os.name" value="Windows Vista"/>
    <property name="sun.jnu.encoding" value="MS932"/>
    <property name="java.library.path" value="C:\Program Files\Java\jdk1.6.0_11\jre\bin;.;C:\Windows\Sun\Java\bin;C:\Windows\system32;C:\Windows;C:\Windows\system32;C:\Windows;C:\Windows\System32\Wbem;C:\Program Files\Edy\Edy Library;C:\Program Files\Common Files\Sony Shared\FeliCaLibrary;C:\Program Files\Common Files\Roxio Shared\10.0\DLLShared\;C:\Program Files\Common Files\Roxio Shared\DLLShared\;C:\Program Files\Common Files\Roxio Shared\DLLShared\;C:\Program Files\Common Files\Roxio Shared\10.0\DLLShared\;C:\Program Files\Justsystems\JSLIB32\;\C:\Program Files\Sony\VAIO One Touch Startup Tool;C:\Windows\System32\WindowsPowerShell\v1.0\;C:\Program Files\TortoiseSVN\bin;C:\php-5.2.8;C:\Users\hiromari\Documents\darling\android-sdk-windows-1.5_r2\tools\;C:\Program Files\Intel\WiFi\bin\;C:\Users\hiromari\Documents\darling\apache-ant-1.7.1\bin;C:\Program Files\Java\jdk1.6.0_11\bin;C:\android-sdk-windows-1.6_r1\tools;C:\cake_1.2.5\cake_1.2.5\cake\console;C:\Program Files\MySQL\MySQL Server 5.1\bin;C:\Program Files\QuickTime\QTSystem\;C:\Program Files\Git\cmd;C:\Users\hiromari\Documents\darling\apache-maven-2.2.1-bin\apache-maven-2.2.1\bin;C:\Program Files\Google\google_appengine\"/>
    <property name="surefire.test.class.path" value="C:\Users\hiromari\Documents\NetBeansProjects\JT\target\test-classes;C:\Users\hiromari\Documents\NetBeansProjects\JT\target\classes;C:\Users\hiromari\.m2\junit\junit\4.8.1\junit-4.8.1.jar;C:\Users\hiromari\.m2\org\apache\httpcomponents\httpclient\4.0.1\httpclient-4.0.1.jar;C:\Users\hiromari\.m2\org\apache\httpcomponents\httpcore\4.0.1\httpcore-4.0.1.jar;C:\Users\hiromari\.m2\commons-logging\commons-logging\1.1.1\commons-logging-1.1.1.jar;C:\Users\hiromari\.m2\commons-codec\commons-codec\1.3\commons-codec-1.3.jar;C:\Users\hiromari\.m2\org\apache\httpcomponents\httpmime\4.0.1\httpmime-4.0.1.jar;C:\Users\hiromari\.m2\org\apache\james\apache-mime4j\0.6\apache-mime4j-0.6.jar;C:\Users\hiromari\.m2\org\apache\httpcomponents\httpcore-nio\4.0.1\httpcore-nio-4.0.1.jar;C:\Users\hiromari\.m2\log4j\log4j\1.2.16\log4j-1.2.16.jar;"/>
    <property name="java.specification.name" value="Java Platform API Specification"/>
    <property name="java.class.version" value="50.0"/>
    <property name="sun.management.compiler" value="HotSpot Client Compiler"/>
    <property name="os.version" value="6.0"/>
    <property name="user.home" value="C:\Users\hiromari"/>
    <property name="user.timezone" value=""/>
    <property name="java.awt.printerjob" value="sun.awt.windows.WPrinterJob"/>
    <property name="java.specification.version" value="1.6"/>
    <property name="file.encoding" value="MS932"/>
    <property name="user.name" value="hiromari"/>
    <property name="java.class.path" value="C:\Users\hiromari\Documents\NetBeansProjects\JT\target\test-classes;C:\Users\hiromari\Documents\NetBeansProjects\JT\target\classes;C:\Users\hiromari\.m2\junit\junit\4.8.1\junit-4.8.1.jar;C:\Users\hiromari\.m2\org\apache\httpcomponents\httpclient\4.0.1\httpclient-4.0.1.jar;C:\Users\hiromari\.m2\org\apache\httpcomponents\httpcore\4.0.1\httpcore-4.0.1.jar;C:\Users\hiromari\.m2\commons-logging\commons-logging\1.1.1\commons-logging-1.1.1.jar;C:\Users\hiromari\.m2\commons-codec\commons-codec\1.3\commons-codec-1.3.jar;C:\Users\hiromari\.m2\org\apache\httpcomponents\httpmime\4.0.1\httpmime-4.0.1.jar;C:\Users\hiromari\.m2\org\apache\james\apache-mime4j\0.6\apache-mime4j-0.6.jar;C:\Users\hiromari\.m2\org\apache\httpcomponents\httpcore-nio\4.0.1\httpcore-nio-4.0.1.jar;C:\Users\hiromari\.m2\log4j\log4j\1.2.16\log4j-1.2.16.jar;"/>
    <property name="java.vm.specification.version" value="1.0"/>
    <property name="sun.arch.data.model" value="32"/>
    <property name="java.home" value="C:\Program Files\Java\jdk1.6.0_11\jre"/>
    <property name="java.specification.vendor" value="Sun Microsystems Inc."/>
    <property name="user.language" value="ja"/>
    <property name="awt.toolkit" value="sun.awt.windows.WToolkit"/>
    <property name="java.vm.info" value="mixed mode, sharing"/>
    <property name="java.version" value="1.6.0_11"/>
    <property name="java.ext.dirs" value="C:\Program Files\Java\jdk1.6.0_11\jre\lib\ext;C:\Windows\Sun\Java\lib\ext"/>
    <property name="sun.boot.class.path" value="C:\Program Files\Java\jdk1.6.0_11\jre\lib\resources.jar;C:\Program Files\Java\jdk1.6.0_11\jre\lib\rt.jar;C:\Program Files\Java\jdk1.6.0_11\jre\lib\sunrsasign.jar;C:\Program Files\Java\jdk1.6.0_11\jre\lib\jsse.jar;C:\Program Files\Java\jdk1.6.0_11\jre\lib\jce.jar;C:\Program Files\Java\jdk1.6.0_11\jre\lib\charsets.jar;C:\Program Files\Java\jdk1.6.0_11\jre\classes"/>
    <property name="java.vendor" value="Sun Microsystems Inc."/>
    <property name="localRepository" value="C:\Users\hiromari\.m2"/>
    <property name="file.separator" value="\"/>
    <property name="java.vendor.url.bug" value="http://java.sun.com/cgi-bin/bugreport.cgi"/>
    <property name="sun.cpu.endian" value="little"/>
    <property name="sun.io.unicode.encoding" value="UnicodeLittle"/>
    <property name="sun.desktop" value="windows"/>
    <property name="sun.cpu.isalist" value="pentium_pro+mmx pentium_pro pentium+mmx pentium i486 i386 i86"/>
  </properties>
  <testcase time="0.014" classname="org.hk.jt.client.TwitterClientTest" name="initializationError">
    <error message="No runnable methods" type="java.lang.Exception">java.lang.Exception: No runnable methods
	at org.junit.runners.BlockJUnit4ClassRunner.validateInstanceMethods(BlockJUnit4ClassRunner.java:171)
	at org.junit.runners.BlockJUnit4ClassRunner.collectInitializationErrors(BlockJUnit4ClassRunner.java:115)
	at org.junit.runners.ParentRunner.validate(ParentRunner.java:269)
	at org.junit.runners.ParentRunner.&lt;init&gt;(ParentRunner.java:66)
	at org.junit.runners.BlockJUnit4ClassRunner.&lt;init&gt;(BlockJUnit4ClassRunner.java:59)
	at org.junit.internal.builders.JUnit4Builder.runnerForClass(JUnit4Builder.java:13)
	at org.junit.runners.model.RunnerBuilder.safeRunnerForClass(RunnerBuilder.java:57)
	at org.junit.internal.builders.AllDefaultPossibilitiesBuilder.runnerForClass(AllDefaultPossibilitiesBuilder.java:29)
	at org.junit.runners.model.RunnerBuilder.safeRunnerForClass(RunnerBuilder.java:57)
	at org.junit.internal.requests.ClassRequest.getRunner(ClassRequest.java:24)
	at org.apache.maven.surefire.junit4.JUnit4TestSet.&lt;init&gt;(JUnit4TestSet.java:45)
	at org.apache.maven.surefire.junit4.JUnit4DirectoryTestSuite.createTestSet(JUnit4DirectoryTestSuite.java:56)
	at org.apache.maven.surefire.suite.AbstractDirectoryTestSuite.locateTestSets(AbstractDirectoryTestSuite.java:96)
	at org.apache.maven.surefire.Surefire.createSuiteFromDefinition(Surefire.java:209)
	at org.apache.maven.surefire.Surefire.run(Surefire.java:156)
	at sun.reflect.NativeMethodAccessorImpl.invoke0(Native Method)
	at sun.reflect.NativeMethodAccessorImpl.invoke(NativeMethodAccessorImpl.java:39)
	at sun.reflect.DelegatingMethodAccessorImpl.invoke(DelegatingMethodAccessorImpl.java:25)
	at java.lang.reflect.Method.invoke(Method.java:597)
	at org.apache.maven.surefire.booter.SurefireBooter.runSuitesInProcess(SurefireBooter.java:345)
	at org.apache.maven.surefire.booter.SurefireBooter.main(SurefireBooter.java:1009)
</error>
  </testcase>
</testsuite>